<?xml version="1.0" encoding="UTF-8"?>
<testng-results ignored="0" total="6" passed="3" failed="3" skipped="0">
  <reporter-output>
  </reporter-output>
  <suite started-at="2022-12-26T13:06:52 IST" name="Default suite" finished-at="2022-12-26T13:07:52 IST" duration-ms="59772">
    <groups>
    </groups>
    <test started-at="2022-12-26T13:06:52 IST" name="Default test" finished-at="2022-12-26T13:07:52 IST" duration-ms="59772">
      <class name="com.sdet.qa.testcases.HomePageTest">
        <test-method is-config="true" signature="setup()[pri:0, instance:com.sdet.qa.testcases.HomePageTest@158d2680]" started-at="2022-12-26T13:06:52 IST" name="setup" finished-at="2022-12-26T13:06:55 IST" duration-ms="2881" status="PASS">
          <reporter-output>
          </reporter-output>
        </test-method> <!-- setup -->
        <test-method signature="validateHeaderTest()[pri:1, instance:com.sdet.qa.testcases.HomePageTest@158d2680]" started-at="2022-12-26T13:06:55 IST" name="validateHeaderTest" finished-at="2022-12-26T13:07:09 IST" duration-ms="13484" status="FAIL">
          <exception class="java.lang.AssertionError">
            <message>
              <![CDATA[Header doesn't match expected [Pushpa: The Rise] but found [Pushpa: The Rise - Part 1]]]>
            </message>
            <full-stacktrace>
              <![CDATA[java.lang.AssertionError: Header doesn't match expected [Pushpa: The Rise] but found [Pushpa: The Rise - Part 1]
at org.testng.Assert.fail(Assert.java:110)
at org.testng.Assert.failNotEquals(Assert.java:1413)
at org.testng.Assert.assertEqualsImpl(Assert.java:149)
at org.testng.Assert.assertEquals(Assert.java:131)
at org.testng.Assert.assertEquals(Assert.java:655)
at com.sdet.qa.testcases.HomePageTest.validateHeaderTest(HomePageTest.java:41)
at java.base/jdk.internal.reflect.DirectMethodHandleAccessor.invoke(DirectMethodHandleAccessor.java:104)
at java.base/java.lang.reflect.Method.invoke(Method.java:577)
at org.testng.internal.invokers.MethodInvocationHelper.invokeMethod(MethodInvocationHelper.java:139)
at org.testng.internal.invokers.TestInvoker.invokeMethod(TestInvoker.java:677)
at org.testng.internal.invokers.TestInvoker.invokeTestMethod(TestInvoker.java:221)
at org.testng.internal.invokers.MethodRunner.runInSequence(MethodRunner.java:50)
at org.testng.internal.invokers.TestInvoker$MethodInvocationAgent.invoke(TestInvoker.java:962)
at org.testng.internal.invokers.TestInvoker.invokeTestMethods(TestInvoker.java:194)
at org.testng.internal.invokers.TestMethodWorker.invokeTestMethods(TestMethodWorker.java:148)
at org.testng.internal.invokers.TestMethodWorker.run(TestMethodWorker.java:128)
at java.base/java.util.ArrayList.forEach(ArrayList.java:1511)
at org.testng.TestRunner.privateRun(TestRunner.java:806)
at org.testng.TestRunner.run(TestRunner.java:601)
at org.testng.SuiteRunner.runTest(SuiteRunner.java:433)
at org.testng.SuiteRunner.runSequentially(SuiteRunner.java:427)
at org.testng.SuiteRunner.privateRun(SuiteRunner.java:387)
at org.testng.SuiteRunner.run(SuiteRunner.java:330)
at org.testng.SuiteRunnerWorker.runSuite(SuiteRunnerWorker.java:52)
at org.testng.SuiteRunnerWorker.run(SuiteRunnerWorker.java:95)
at org.testng.TestNG.runSuitesSequentially(TestNG.java:1256)
at org.testng.TestNG.runSuitesLocally(TestNG.java:1176)
at org.testng.TestNG.runSuites(TestNG.java:1099)
at org.testng.TestNG.run(TestNG.java:1067)
at org.testng.remote.AbstractRemoteTestNG.run(AbstractRemoteTestNG.java:115)
at org.testng.remote.RemoteTestNG.initAndRun(RemoteTestNG.java:251)
at org.testng.remote.RemoteTestNG.main(RemoteTestNG.java:77)
]]>
            </full-stacktrace>
          </exception> <!-- java.lang.AssertionError -->
          <reporter-output>
          </reporter-output>
        </test-method> <!-- validateHeaderTest -->
        <test-method is-config="true" signature="tearDown()[pri:0, instance:com.sdet.qa.testcases.HomePageTest@158d2680]" started-at="2022-12-26T13:07:09 IST" name="tearDown" finished-at="2022-12-26T13:07:09 IST" duration-ms="142" status="PASS">
          <reporter-output>
          </reporter-output>
        </test-method> <!-- tearDown -->
        <test-method is-config="true" signature="setup()[pri:0, instance:com.sdet.qa.testcases.HomePageTest@158d2680]" started-at="2022-12-26T13:07:09 IST" name="setup" finished-at="2022-12-26T13:07:10 IST" duration-ms="900" status="PASS">
          <reporter-output>
          </reporter-output>
        </test-method> <!-- setup -->
        <test-method signature="fetchDate()[pri:2, instance:com.sdet.qa.testcases.HomePageTest@158d2680]" started-at="2022-12-26T13:07:10 IST" name="fetchDate" finished-at="2022-12-26T13:07:23 IST" duration-ms="13347" status="PASS">
          <reporter-output>
          </reporter-output>
        </test-method> <!-- fetchDate -->
        <test-method is-config="true" signature="tearDown()[pri:0, instance:com.sdet.qa.testcases.HomePageTest@158d2680]" started-at="2022-12-26T13:07:23 IST" name="tearDown" finished-at="2022-12-26T13:07:23 IST" duration-ms="180" status="PASS">
          <reporter-output>
          </reporter-output>
        </test-method> <!-- tearDown -->
        <test-method is-config="true" signature="setup()[pri:0, instance:com.sdet.qa.testcases.HomePageTest@158d2680]" started-at="2022-12-26T13:07:23 IST" name="setup" finished-at="2022-12-26T13:07:25 IST" duration-ms="1340" status="PASS">
          <reporter-output>
          </reporter-output>
        </test-method> <!-- setup -->
        <test-method signature="fetchCountry()[pri:3, instance:com.sdet.qa.testcases.HomePageTest@158d2680]" started-at="2022-12-26T13:07:25 IST" name="fetchCountry" finished-at="2022-12-26T13:07:37 IST" duration-ms="12555" status="PASS">
          <reporter-output>
          </reporter-output>
        </test-method> <!-- fetchCountry -->
        <test-method is-config="true" signature="tearDown()[pri:0, instance:com.sdet.qa.testcases.HomePageTest@158d2680]" started-at="2022-12-26T13:07:37 IST" name="tearDown" finished-at="2022-12-26T13:07:37 IST" duration-ms="143" status="PASS">
          <reporter-output>
          </reporter-output>
        </test-method> <!-- tearDown -->
        <test-method is-config="true" signature="setup()[pri:0, instance:com.sdet.qa.testcases.HomePageTest@158d2680]" started-at="2022-12-26T13:07:37 IST" name="setup" finished-at="2022-12-26T13:07:39 IST" duration-ms="1293" status="PASS">
          <reporter-output>
          </reporter-output>
        </test-method> <!-- setup -->
        <test-method signature="validateWikiHeader()[pri:4, instance:com.sdet.qa.testcases.HomePageTest@158d2680]" started-at="2022-12-26T13:07:39 IST" name="validateWikiHeader" finished-at="2022-12-26T13:07:42 IST" duration-ms="3802" status="FAIL">
          <exception class="java.lang.AssertionError">
            <message>
              <![CDATA[Header are not matching expected [Pushpa: The Rise - Part 1] but found [Pushpa: The Rise]]]>
            </message>
            <full-stacktrace>
              <![CDATA[java.lang.AssertionError: Header are not matching expected [Pushpa: The Rise - Part 1] but found [Pushpa: The Rise]
at org.testng.Assert.fail(Assert.java:110)
at org.testng.Assert.failNotEquals(Assert.java:1413)
at org.testng.Assert.assertEqualsImpl(Assert.java:149)
at org.testng.Assert.assertEquals(Assert.java:131)
at org.testng.Assert.assertEquals(Assert.java:655)
at com.sdet.qa.testcases.HomePageTest.validateWikiHeader(HomePageTest.java:62)
at java.base/jdk.internal.reflect.DirectMethodHandleAccessor.invoke(DirectMethodHandleAccessor.java:104)
at java.base/java.lang.reflect.Method.invoke(Method.java:577)
at org.testng.internal.invokers.MethodInvocationHelper.invokeMethod(MethodInvocationHelper.java:139)
at org.testng.internal.invokers.TestInvoker.invokeMethod(TestInvoker.java:677)
at org.testng.internal.invokers.TestInvoker.invokeTestMethod(TestInvoker.java:221)
at org.testng.internal.invokers.MethodRunner.runInSequence(MethodRunner.java:50)
at org.testng.internal.invokers.TestInvoker$MethodInvocationAgent.invoke(TestInvoker.java:962)
at org.testng.internal.invokers.TestInvoker.invokeTestMethods(TestInvoker.java:194)
at org.testng.internal.invokers.TestMethodWorker.invokeTestMethods(TestMethodWorker.java:148)
at org.testng.internal.invokers.TestMethodWorker.run(TestMethodWorker.java:128)
at java.base/java.util.ArrayList.forEach(ArrayList.java:1511)
at org.testng.TestRunner.privateRun(TestRunner.java:806)
at org.testng.TestRunner.run(TestRunner.java:601)
at org.testng.SuiteRunner.runTest(SuiteRunner.java:433)
at org.testng.SuiteRunner.runSequentially(SuiteRunner.java:427)
at org.testng.SuiteRunner.privateRun(SuiteRunner.java:387)
at org.testng.SuiteRunner.run(SuiteRunner.java:330)
at org.testng.SuiteRunnerWorker.runSuite(SuiteRunnerWorker.java:52)
at org.testng.SuiteRunnerWorker.run(SuiteRunnerWorker.java:95)
at org.testng.TestNG.runSuitesSequentially(TestNG.java:1256)
at org.testng.TestNG.runSuitesLocally(TestNG.java:1176)
at org.testng.TestNG.runSuites(TestNG.java:1099)
at org.testng.TestNG.run(TestNG.java:1067)
at org.testng.remote.AbstractRemoteTestNG.run(AbstractRemoteTestNG.java:115)
at org.testng.remote.RemoteTestNG.initAndRun(RemoteTestNG.java:251)
at org.testng.remote.RemoteTestNG.main(RemoteTestNG.java:77)
]]>
            </full-stacktrace>
          </exception> <!-- java.lang.AssertionError -->
          <reporter-output>
          </reporter-output>
        </test-method> <!-- validateWikiHeader -->
        <test-method is-config="true" signature="tearDown()[pri:0, instance:com.sdet.qa.testcases.HomePageTest@158d2680]" started-at="2022-12-26T13:07:42 IST" name="tearDown" finished-at="2022-12-26T13:07:43 IST" duration-ms="119" status="PASS">
          <reporter-output>
          </reporter-output>
        </test-method> <!-- tearDown -->
        <test-method is-config="true" signature="setup()[pri:0, instance:com.sdet.qa.testcases.HomePageTest@158d2680]" started-at="2022-12-26T13:07:43 IST" name="setup" finished-at="2022-12-26T13:07:44 IST" duration-ms="1002" status="PASS">
          <reporter-output>
          </reporter-output>
        </test-method> <!-- setup -->
        <test-method signature="fetchWikiCountry()[pri:5, instance:com.sdet.qa.testcases.HomePageTest@158d2680]" started-at="2022-12-26T13:07:44 IST" name="fetchWikiCountry" finished-at="2022-12-26T13:07:47 IST" duration-ms="3348" status="PASS">
          <reporter-output>
          </reporter-output>
        </test-method> <!-- fetchWikiCountry -->
        <test-method is-config="true" signature="tearDown()[pri:0, instance:com.sdet.qa.testcases.HomePageTest@158d2680]" started-at="2022-12-26T13:07:47 IST" name="tearDown" finished-at="2022-12-26T13:07:47 IST" duration-ms="116" status="PASS">
          <reporter-output>
          </reporter-output>
        </test-method> <!-- tearDown -->
        <test-method is-config="true" signature="setup()[pri:0, instance:com.sdet.qa.testcases.HomePageTest@158d2680]" started-at="2022-12-26T13:07:47 IST" name="setup" finished-at="2022-12-26T13:07:48 IST" duration-ms="1252" status="PASS">
          <reporter-output>
          </reporter-output>
        </test-method> <!-- setup -->
        <test-method signature="fetchWikiDate()[pri:6, instance:com.sdet.qa.testcases.HomePageTest@158d2680]" started-at="2022-12-26T13:07:48 IST" name="fetchWikiDate" finished-at="2022-12-26T13:07:52 IST" duration-ms="3692" status="FAIL">
          <exception class="java.lang.AssertionError">
            <message>
              <![CDATA[expected [December 17, 2021 (United States)] but found [Release date
17 December 2021]]]>
            </message>
            <full-stacktrace>
              <![CDATA[java.lang.AssertionError: expected [December 17, 2021 (United States)] but found [Release date
17 December 2021]
at org.testng.Assert.fail(Assert.java:110)
at org.testng.Assert.failNotEquals(Assert.java:1413)
at org.testng.Assert.assertEqualsImpl(Assert.java:149)
at org.testng.Assert.assertEquals(Assert.java:131)
at org.testng.Assert.assertEquals(Assert.java:655)
at org.testng.Assert.assertEquals(Assert.java:665)
at com.sdet.qa.testcases.HomePageTest.fetchWikiDate(HomePageTest.java:78)
at java.base/jdk.internal.reflect.DirectMethodHandleAccessor.invoke(DirectMethodHandleAccessor.java:104)
at java.base/java.lang.reflect.Method.invoke(Method.java:577)
at org.testng.internal.invokers.MethodInvocationHelper.invokeMethod(MethodInvocationHelper.java:139)
at org.testng.internal.invokers.TestInvoker.invokeMethod(TestInvoker.java:677)
at org.testng.internal.invokers.TestInvoker.invokeTestMethod(TestInvoker.java:221)
at org.testng.internal.invokers.MethodRunner.runInSequence(MethodRunner.java:50)
at org.testng.internal.invokers.TestInvoker$MethodInvocationAgent.invoke(TestInvoker.java:962)
at org.testng.internal.invokers.TestInvoker.invokeTestMethods(TestInvoker.java:194)
at org.testng.internal.invokers.TestMethodWorker.invokeTestMethods(TestMethodWorker.java:148)
at org.testng.internal.invokers.TestMethodWorker.run(TestMethodWorker.java:128)
at java.base/java.util.ArrayList.forEach(ArrayList.java:1511)
at org.testng.TestRunner.privateRun(TestRunner.java:806)
at org.testng.TestRunner.run(TestRunner.java:601)
at org.testng.SuiteRunner.runTest(SuiteRunner.java:433)
at org.testng.SuiteRunner.runSequentially(SuiteRunner.java:427)
at org.testng.SuiteRunner.privateRun(SuiteRunner.java:387)
at org.testng.SuiteRunner.run(SuiteRunner.java:330)
at org.testng.SuiteRunnerWorker.runSuite(SuiteRunnerWorker.java:52)
at org.testng.SuiteRunnerWorker.run(SuiteRunnerWorker.java:95)
at org.testng.TestNG.runSuitesSequentially(TestNG.java:1256)
at org.testng.TestNG.runSuitesLocally(TestNG.java:1176)
at org.testng.TestNG.runSuites(TestNG.java:1099)
at org.testng.TestNG.run(TestNG.java:1067)
at org.testng.remote.AbstractRemoteTestNG.run(AbstractRemoteTestNG.java:115)
at org.testng.remote.RemoteTestNG.initAndRun(RemoteTestNG.java:251)
at org.testng.remote.RemoteTestNG.main(RemoteTestNG.java:77)
]]>
            </full-stacktrace>
          </exception> <!-- java.lang.AssertionError -->
          <reporter-output>
          </reporter-output>
        </test-method> <!-- fetchWikiDate -->
        <test-method is-config="true" signature="tearDown()[pri:0, instance:com.sdet.qa.testcases.HomePageTest@158d2680]" started-at="2022-12-26T13:07:52 IST" name="tearDown" finished-at="2022-12-26T13:07:52 IST" duration-ms="120" status="PASS">
          <reporter-output>
          </reporter-output>
        </test-method> <!-- tearDown -->
      </class> <!-- com.sdet.qa.testcases.HomePageTest -->
    </test> <!-- Default test -->
  </suite> <!-- Default suite -->
</testng-results>
